<?xml version="1.0" encoding="UTF-8"?>
<!-- Generated by org.testng.reporters.JUnitXMLReporter -->
<testsuite hostname="LAPTOP-LE02I758" ignored="2" name="Regression Testing - Using Java Generics" tests="7" failures="0" timestamp="17 Oct 2019 08:35:11 GMT" time="223.717" errors="0">
  <testcase name="validateloginTest" time="15.488" classname="com.test.hubspot.tests.LoginPageTest"/>
  <testcase name="validateHomePageTitleTest" time="12.848" classname="com.test.hubspot.tests.HomePageTest"/>
  <testcase name="validateNavigationToContactsTest" time="22.862" classname="com.test.hubspot.tests.HomePageTest"/>
  <testcase name="validatedContactsIsDisplayedTest" time="16.619" classname="com.test.hubspot.tests.HomePageTest"/>
  <testcase name="validateContactsPageHeaderTest" time="24.494" classname="com.test.hubspot.tests.ContactsPageTest"/>
  <testcase name="validateContactsPageTitleTest" time="20.724" classname="com.test.hubspot.tests.ContactsPageTest"/>
  <testcase name="validateCreateContactBtnTest" time="19.796" classname="com.test.hubspot.tests.ContactsPageTest"/>
  <testcase name="validatetextboxIsDisplayedTest" time="0.0" classname="com.test.hubspot.tests.LoginPageTest">
    <ignored/>
  </testcase> <!-- validatetextboxIsDisplayedTest -->
  <testcase name="validateloginPageTitleTest" time="0.0" classname="com.test.hubspot.tests.LoginPageTest">
    <ignored/>
  </testcase> <!-- validateloginPageTitleTest -->
</testsuite> <!-- Regression Testing - Using Java Generics -->
