<?xml version="1.0" encoding="UTF-8"?>
<!-- Generated by org.testng.reporters.JUnitXMLReporter -->
<testsuite hostname="LAPTOP-LE02I758" ignored="0" name="Default test" tests="3" failures="0" timestamp="17 Oct 2019 12:01:35 GMT" time="86.162" errors="0">
  <testcase name="validateContactsPageHeaderTest" time="15.075" classname="com.test.hubspot.tests.ContactsPageTest"/>
  <testcase name="validateContactsPageTitleTest" time="14.254" classname="com.test.hubspot.tests.ContactsPageTest"/>
  <testcase name="validateCreateContactBtnTest" time="26.446" classname="com.test.hubspot.tests.ContactsPageTest"/>
</testsuite> <!-- Default test -->
